2026-06-24 01:50:47 [ℹ]  eksctl version 0.227.0
2026-06-24 01:50:47 [ℹ]  using region us-east-1
2026-06-24 01:50:48 [ℹ]  subnets for us-east-1a - public:192.168.0.0/19 private:192.168.64.0/19
2026-06-24 01:50:48 [ℹ]  subnets for us-east-1b - public:192.168.32.0/19 private:192.168.96.0/19
2026-06-24 01:50:48 [ℹ]  nodegroup "on-demand" will use "" [AmazonLinux2023/1.34]
2026-06-24 01:50:48 [!]  Auto Mode will be enabled by default in an upcoming release of eksctl. This means managed node groups and managed networking add-ons will no longer be created by default. To maintain current behavior, explicitly set 'autoModeConfig.enabled: false' in your cluster configuration. Learn more: https://eksctl.io/usage/auto-mode/
2026-06-24 01:50:48 [ℹ]  using Kubernetes version 1.34
2026-06-24 01:50:48 [ℹ]  creating EKS cluster "cluster" in "us-east-1" region with managed nodes
2026-06-24 01:50:48 [ℹ]  1 nodegroup (on-demand) was included (based on the include/exclude rules)
2026-06-24 01:50:48 [ℹ]  will create a CloudFormation stack for cluster itself and 1 managed nodegroup stack(s)
2026-06-24 01:50:48 [ℹ]  if you encounter any issues, check CloudFormation console or try 'eksctl utils describe-stacks --region=us-east-1 --cluster=cluster'
2026-06-24 01:50:48 [ℹ]  Kubernetes API endpoint access will use default of {publicAccess=true, privateAccess=false} for cluster "cluster" in "us-east-1"
2026-06-24 01:50:48 [ℹ]  CloudWatch logging will not be enabled for cluster "cluster" in "us-east-1"
2026-06-24 01:50:48 [ℹ]  you can enable it with 'eksctl utils update-cluster-logging --enable-types={SPECIFY-YOUR-LOG-TYPES-HERE (e.g. all)} --region=us-east-1 --cluster=cluster'
2026-06-24 01:50:48 [ℹ]  default addons metrics-server, vpc-cni, kube-proxy, coredns were not specified, will install them as EKS addons
2026-06-24 01:50:48 [ℹ]  
2 sequential tasks: { create cluster control plane "cluster", 
    2 sequential sub-tasks: { 
        2 sequential sub-tasks: { 
            1 task: { create addons },
            wait for control plane to become ready,
        },
        create managed nodegroup "on-demand",
    } 
}
2026-06-24 01:50:48 [ℹ]  building cluster stack "eksctl-cluster-cluster"
2026-06-24 01:50:49 [ℹ]  deploying stack "eksctl-cluster-cluster"
2026-06-24 01:51:19 [ℹ]  waiting for CloudFormation stack "eksctl-cluster-cluster"
2026-06-24 01:51:49 [ℹ]  waiting for CloudFormation stack "eksctl-cluster-cluster"
2026-06-24 01:52:50 [ℹ]  waiting for CloudFormation stack "eksctl-cluster-cluster"
2026-06-24 01:53:50 [ℹ]  waiting for CloudFormation stack "eksctl-cluster-cluster"
2026-06-24 01:54:52 [ℹ]  waiting for CloudFormation stack "eksctl-cluster-cluster"
2026-06-24 01:55:52 [ℹ]  waiting for CloudFormation stack "eksctl-cluster-cluster"
2026-06-24 01:56:53 [ℹ]  waiting for CloudFormation stack "eksctl-cluster-cluster"
2026-06-24 01:57:54 [ℹ]  waiting for CloudFormation stack "eksctl-cluster-cluster"
2026-06-24 01:58:54 [ℹ]  waiting for CloudFormation stack "eksctl-cluster-cluster"
2026-06-24 01:59:55 [ℹ]  waiting for CloudFormation stack "eksctl-cluster-cluster"
2026-06-24 01:59:58 [!]  recommended policies were found for "vpc-cni" addon, but since OIDC is disabled on the cluster, eksctl cannot configure the requested permissions; the recommended way to provide IAM permissions for "vpc-cni" addon is via pod identity associations; after addon creation is completed, add all recommended policies to the config file, under `addon.PodIdentityAssociations`, and run `eksctl update addon`
2026-06-24 01:59:58 [ℹ]  creating addon: vpc-cni
2026-06-24 01:59:59 [ℹ]  successfully created addon: vpc-cni
2026-06-24 01:59:59 [ℹ]  creating addon: kube-proxy
2026-06-24 02:00:00 [ℹ]  successfully created addon: kube-proxy
2026-06-24 02:00:00 [ℹ]  creating addon: coredns
2026-06-24 02:00:01 [ℹ]  successfully created addon: coredns
2026-06-24 02:02:04 [ℹ]  building managed nodegroup stack "eksctl-cluster-nodegroup-on-demand"
2026-06-24 02:02:05 [ℹ]  deploying stack "eksctl-cluster-nodegroup-on-demand"
2026-06-24 02:02:05 [ℹ]  waiting for CloudFormation stack "eksctl-cluster-nodegroup-on-demand"
2026-06-24 02:02:36 [ℹ]  waiting for CloudFormation stack "eksctl-cluster-nodegroup-on-demand"
2026-06-24 02:03:21 [ℹ]  waiting for CloudFormation stack "eksctl-cluster-nodegroup-on-demand"
2026-06-24 02:03:52 [ℹ]  waiting for CloudFormation stack "eksctl-cluster-nodegroup-on-demand"
2026-06-24 02:04:41 [ℹ]  waiting for CloudFormation stack "eksctl-cluster-nodegroup-on-demand"
2026-06-24 02:04:41 [ℹ]  waiting for the control plane to become ready
2026-06-24 02:04:42 [✔]  saved kubeconfig as "C:\\Users\\David\\.kube\\config"
2026-06-24 02:04:42 [ℹ]  no tasks
2026-06-24 02:04:42 [✔]  all EKS cluster resources for "cluster" have been created
2026-06-24 02:04:43 [ℹ]  nodegroup "on-demand" has 1 node(s)
2026-06-24 02:04:43 [ℹ]  node "ip-192-168-9-146.ec2.internal" is ready
2026-06-24 02:04:43 [ℹ]  waiting for at least 1 node(s) to become ready in "on-demand"
2026-06-24 02:04:43 [ℹ]  nodegroup "on-demand" has 1 node(s)
2026-06-24 02:04:43 [ℹ]  node "ip-192-168-9-146.ec2.internal" is ready
2026-06-24 02:04:43 [✔]  created 1 managed nodegroup(s) in cluster "cluster"
2026-06-24 02:04:44 [ℹ]  creating addon: metrics-server
2026-06-24 02:04:44 [ℹ]  successfully created addon: metrics-server
2026-06-24 02:04:46 [ℹ]  kubectl command should work with "C:\\Users\\David\\.kube\\config", try 'kubectl get nodes'
2026-06-24 02:04:46 [✔]  EKS cluster "cluster" in "us-east-1" region is ready
